<?xml version="1.0" encoding="UTF-8"?>
<!-- Generated by org.testng.reporters.JUnitXMLReporter -->
<testsuite ignored="0" hostname="DESKTOP-QLJF0O1" failures="1" tests="1" name="Test" time="36.141" errors="0" timestamp="2024-02-06T11:30:34 IST">
  <testcase classname="testCase.TC_01_Registration" name="Acc_Registration" time="12.342">
    <failure type="java.lang.AssertionError">
      <![CDATA[java.lang.AssertionError
at org.junit.Assert.fail(Assert.java:86)
at org.junit.Assert.assertTrue(Assert.java:41)
at org.junit.Assert.assertTrue(Assert.java:52)
at testCase.TC_01_Registration.Acc_Registration(TC_01_Registration.java:28)
at java.base/java.util.ArrayList.forEach(ArrayList.java:1511)
... Removed 27 stack frames]]>
    </failure>
  </testcase> <!-- Acc_Registration -->
</testsuite> <!-- Test -->
